<?xml version="1.0" encoding="UTF-8"?>
<!-- Generated by org.testng.reporters.JUnitXMLReporter -->
<testsuite ignored="1" hostname="DESKTOP-FEOO1RA" failures="1" tests="5" name="myTest-edge" time="33.501" errors="0" timestamp="2024-09-28T16:57:06 IST">
  <testcase classname="testCases.TC_001_Registration" name="reg" time="0.108"/>
  <testcase classname="testCases.TC_001_Registration" name="sanity" time="0.01">
    <failure type="java.lang.AssertionError" message="expected [chrome] but found [edge]">
      <![CDATA[java.lang.AssertionError: expected [chrome] but found [edge]
at testCases.TC_001_Registration.sanity(TC_001_Registration.java:68)
at java.base/java.util.ArrayList.forEach(ArrayList.java:1511)
at java.base/java.util.concurrent.FutureTask.run(FutureTask.java:264)
at java.base/java.util.concurrent.ThreadPoolExecutor.runWorker(ThreadPoolExecutor.java:1136)
at java.base/java.util.concurrent.ThreadPoolExecutor$Worker.run(ThreadPoolExecutor.java:635)
at java.base/java.lang.Thread.run(Thread.java:833)
... Removed 24 stack frames]]>
    </failure>
  </testcase> <!-- sanity -->
  <testcase classname="testCases.TC_002_TableValidation" name="tableValidation" time="0.033"/>
  <testcase classname="testCases.TC_001_Registration" name="verifyNavigateRegPage" time="8.388"/>
  <testcase classname="testCases.TC_001_Registration" name="verifyAccountReg" time="13.299"/>
  <testcase classname="testBase.BaseClass" name="@BeforeTest setup" time="0.0">
    <ignored/>
  </testcase> <!-- @BeforeTest setup -->
</testsuite> <!-- myTest-edge -->
